[debug] [2024-07-31T09:53:04.424Z] ----------------------------------------------------------------------
[debug] [2024-07-31T09:53:04.427Z] Command:       C:\Program Files\nodejs\node.exe C:\Users\HP\AppData\Roaming\npm\node_modules\firebase-tools\lib\bin\firebase.js init
[debug] [2024-07-31T09:53:04.428Z] CLI Version:   13.14.2
[debug] [2024-07-31T09:53:04.428Z] Platform:      win32
[debug] [2024-07-31T09:53:04.428Z] Node Version:  v18.12.0
[debug] [2024-07-31T09:53:04.429Z] Time:          Wed Jul 31 2024 15:23:04 GMT+0530 (India Standard Time)
[debug] [2024-07-31T09:53:04.430Z] ----------------------------------------------------------------------
[debug] 
[debug] [2024-07-31T09:53:04.438Z] > command requires scopes: ["email","openid","https://www.googleapis.com/auth/cloudplatformprojects.readonly","https://www.googleapis.com/auth/firebase","https://www.googleapis.com/auth/cloud-platform"]
[debug] [2024-07-31T09:53:04.439Z] > authorizing via signed-in user (sridharraj980@gmail.com)
[info] 
     ######## #### ########  ######## ########     ###     ######  ########
     ##        ##  ##     ## ##       ##     ##  ##   ##  ##       ##
     ######    ##  ########  ######   ########  #########  ######  ######
     ##        ##  ##    ##  ##       ##     ## ##     ##       ## ##
     ##       #### ##     ## ######## ########  ##     ##  ######  ########

You're about to initialize a Firebase project in this directory:

  E:\Researchify Task\event

[info] 
=== Project Setup
[info] 
[info] First, let's associate this project directory with a Firebase project.
[info] You can create multiple project aliases by running firebase use --add, 
[info] but for now we'll just set up a default project.
[info] 
[debug] [2024-07-31T09:53:20.126Z] >>> [apiv2][query] GET https://firebase.googleapis.com/v1beta1/projects pageSize=100
[debug] [2024-07-31T09:53:21.059Z] <<< [apiv2][status] GET https://firebase.googleapis.com/v1beta1/projects 200
[debug] [2024-07-31T09:53:21.060Z] <<< [apiv2][body] GET https://firebase.googleapis.com/v1beta1/projects [omitted]
[info] i  Using project event-manager-f9cab (Event Manager) 
[info] 
=== Hosting Setup
[debug] [2024-07-31T09:53:23.259Z] >>> [apiv2][query] GET https://firebase.googleapis.com/v1beta1/projects/event-manager-f9cab [none]
[debug] [2024-07-31T09:53:23.771Z] <<< [apiv2][status] GET https://firebase.googleapis.com/v1beta1/projects/event-manager-f9cab 200
[debug] [2024-07-31T09:53:23.771Z] <<< [apiv2][body] GET https://firebase.googleapis.com/v1beta1/projects/event-manager-f9cab {"projectId":"event-manager-f9cab","projectNumber":"671691864080","displayName":"Event Manager","name":"projects/event-manager-f9cab","resources":{"hostingSite":"event-manager-f9cab","realtimeDatabaseInstance":"event-manager-f9cab-default-rtdb"},"state":"ACTIVE","etag":"1_4603784f-f221-4bf5-af02-a74e3e7a32e5"}
[info] 
[info] Your public directory is the folder (relative to your project directory) that
[info] will contain Hosting assets to be uploaded with firebase deploy. If you
[info] have a build process for your assets, use your build's output directory.
[info] 
[debug] [2024-07-31T09:53:41.117Z] >>> [apiv2][query] GET https://www.gstatic.com/firebasejs/releases.json [none]
[debug] [2024-07-31T09:53:41.299Z] <<< [apiv2][status] GET https://www.gstatic.com/firebasejs/releases.json 200
[debug] [2024-07-31T09:53:41.300Z] <<< [apiv2][body] GET https://www.gstatic.com/firebasejs/releases.json {"current":{"version":"10.12.4","browserURL":"https://www.gstatic.com/firebasejs/10.12.4/firebase.js","packageURL":"https://www.gstatic.com/firebasejs/10.12.4/firebase.tgz"},"live":{"version":"10.12","browserURL":"https://www.gstatic.com/firebasejs/live/10.12/firebase.js","packageURL":"https://www.gstatic.com/firebasejs/live/10.12/firebase.tgz"},"components":{"analytics":"https://www.gstatic.com/firebasejs/10.12.4/firebase-analytics.js","app":"https://www.gstatic.com/firebasejs/10.12.4/firebase-app.js","app-check":"https://www.gstatic.com/firebasejs/10.12.4/firebase-app-check.js","auth":"https://www.gstatic.com/firebasejs/10.12.4/firebase-auth.js","auth/cordova":"https://www.gstatic.com/firebasejs/10.12.4/firebase-auth/cordova.js","auth/web-extension":"https://www.gstatic.com/firebasejs/10.12.4/firebase-auth/web-extension.js","functions":"https://www.gstatic.com/firebasejs/10.12.4/firebase-functions.js","firestore":"https://www.gstatic.com/firebasejs/10.12.4/firebase-firestore.js","firestore/lite":"https://www.gstatic.com/firebasejs/10.12.4/firebase-firestore/lite.js","installations":"https://www.gstatic.com/firebasejs/10.12.4/firebase-installations.js","storage":"https://www.gstatic.com/firebasejs/10.12.4/firebase-storage.js","performance":"https://www.gstatic.com/firebasejs/10.12.4/firebase-performance.js","remote-config":"https://www.gstatic.com/firebasejs/10.12.4/firebase-remote-config.js","messaging":"https://www.gstatic.com/firebasejs/10.12.4/firebase-messaging.js","messaging/sw":"https://www.gstatic.com/firebasejs/10.12.4/firebase-messaging/sw.js","database":"https://www.gstatic.com/firebasejs/10.12.4/firebase-database.js","vertexai-preview":"https://www.gstatic.com/firebasejs/10.12.4/firebase-vertexai-preview.js","firestore.memory":"https://www.gstatic.com/firebasejs/10.12.4/firebase-firestore.memory.js"}}
[info] i  Skipping write of public/index.html 
[info] 
[info] i  Detected a .git folder at E:\Researchify Task\event 
[info] i  Authorizing with GitHub to upload your service account to a GitHub repository's secrets store. 
[info] 
[info] Visit this URL on this device to log in:
[info] https://github.com/login/oauth/authorize?client_id=89cf50f02ac6aaed3484&state=22701698&redirect_uri=http%3A%2F%2Flocalhost%3A9005&scope=read%3Auser%20repo%20public_repo
[info] 
[info] Waiting for authentication...
[debug] [2024-07-31T09:53:58.838Z] >>> [apiv2][query] POST https://github.com/login/oauth/access_token [none]
[debug] [2024-07-31T09:53:58.838Z] >>> [apiv2][body] POST https://github.com/login/oauth/access_token [stream]
[debug] [2024-07-31T09:53:59.335Z] <<< [apiv2][status] POST https://github.com/login/oauth/access_token 200
[debug] [2024-07-31T09:53:59.335Z] <<< [apiv2][body] POST https://github.com/login/oauth/access_token {"access_token":"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","token_type":"bearer","scope":"read:user,repo"}
[debug] [2024-07-31T09:53:59.342Z] >>> [apiv2][query] GET https://api.github.com/user [none]
[debug] [2024-07-31T09:53:59.810Z] <<< [apiv2][status] GET https://api.github.com/user 200
[debug] [2024-07-31T09:53:59.811Z] <<< [apiv2][body] GET https://api.github.com/user {"login":"SridharRaj980","id":94793363,"node_id":"U_kgDOBaZukw","avatar_url":"https://avatars.githubusercontent.com/u/94793363?v=4","gravatar_id":"","url":"https://api.github.com/users/SridharRaj980","html_url":"https://github.com/SridharRaj980","followers_url":"https://api.github.com/users/SridharRaj980/followers","following_url":"https://api.github.com/users/SridharRaj980/following{/other_user}","gists_url":"https://api.github.com/users/SridharRaj980/gists{/gist_id}","starred_url":"https://api.github.com/users/SridharRaj980/starred{/owner}{/repo}","subscriptions_url":"https://api.github.com/users/SridharRaj980/subscriptions","organizations_url":"https://api.github.com/users/SridharRaj980/orgs","repos_url":"https://api.github.com/users/SridharRaj980/repos","events_url":"https://api.github.com/users/SridharRaj980/events{/privacy}","received_events_url":"https://api.github.com/users/SridharRaj980/received_events","type":"User","site_admin":false,"name":"Sridhar Raj ","company":null,"blog":"","location":"Coimbatore","email":null,"hireable":null,"bio":null,"twitter_username":null,"public_repos":7,"public_gists":0,"followers":1,"following":4,"created_at":"2021-11-21T14:43:03Z","updated_at":"2024-07-11T12:12:34Z","private_gists":0,"total_private_repos":1,"owned_private_repos":1,"disk_usage":62071,"collaborators":0,"two_factor_authentication":false,"plan":{"name":"free","space":976562499,"collaborators":0,"private_repos":10000}}
[info] 
[info] +  Success! Logged into GitHub as SridharRaj980 
[info] 
